{"C:\\Studium3\\ContDel\\pwa\\addpoll.js": {"path":"C:\\Studium3\\ContDel\\pwa\\addpoll.js","statementMap":{"0":{"start":{"line":1,"column":0},"end":{"line":1,"column":10}},"1":{"start":{"line":3,"column":0},"end":{"line":26,"column":3}},"2":{"start":{"line":5,"column":3},"end":{"line":22,"column":6}},"3":{"start":{"line":6,"column":6},"end":{"line":6,"column":29}},"4":{"start":{"line":7,"column":21},"end":{"line":7,"column":47}},"5":{"start":{"line":8,"column":6},"end":{"line":18,"column":8}},"6":{"start":{"line":20,"column":5},"end":{"line":20,"column":18}},"7":{"start":{"line":21,"column":5},"end":{"line":21,"column":36}},"8":{"start":{"line":24,"column":3},"end":{"line":24,"column":17}},"9":{"start":{"line":25,"column":3},"end":{"line":25,"column":70}},"10":{"start":{"line":29,"column":19},"end":{"line":29,"column":59}},"11":{"start":{"line":30,"column":3},"end":{"line":32,"column":4}},"12":{"start":{"line":30,"column":15},"end":{"line":30,"column":16}},"13":{"start":{"line":31,"column":6},"end":{"line":31,"column":48}},"14":{"start":{"line":37,"column":3},"end":{"line":37,"column":17}},"15":{"start":{"line":38,"column":3},"end":{"line":38,"column":50}},"16":{"start":{"line":39,"column":3},"end":{"line":39,"column":112}},"17":{"start":{"line":40,"column":3},"end":{"line":40,"column":24}},"18":{"start":{"line":44,"column":22},"end":{"line":44,"column":73}},"19":{"start":{"line":45,"column":21},"end":{"line":45,"column":80}},"20":{"start":{"line":46,"column":3},"end":{"line":48,"column":5}},"21":{"start":{"line":47,"column":6},"end":{"line":47,"column":49}}},"fnMap":{"0":{"name":"(anonymous_0)","decl":{"start":{"line":3,"column":46},"end":{"line":3,"column":47}},"loc":{"start":{"line":3,"column":58},"end":{"line":26,"column":1}},"line":3},"1":{"name":"(anonymous_1)","decl":{"start":{"line":5,"column":69},"end":{"line":5,"column":70}},"loc":{"start":{"line":5,"column":86},"end":{"line":22,"column":4}},"line":5},"2":{"name":"resetColors","decl":{"start":{"line":28,"column":9},"end":{"line":28,"column":20}},"loc":{"start":{"line":28,"column":22},"end":{"line":34,"column":1}},"line":28},"3":{"name":"selectColor","decl":{"start":{"line":36,"column":9},"end":{"line":36,"column":20}},"loc":{"start":{"line":36,"column":35},"end":{"line":41,"column":1}},"line":36},"4":{"name":"setInputFieldColor","decl":{"start":{"line":43,"column":9},"end":{"line":43,"column":27}},"loc":{"start":{"line":43,"column":29},"end":{"line":49,"column":1}},"line":43},"5":{"name":"(anonymous_5)","decl":{"start":{"line":46,"column":23},"end":{"line":46,"column":24}},"loc":{"start":{"line":46,"column":39},"end":{"line":48,"column":4}},"line":46}},"branchMap":{},"s":{"0":0,"1":0,"2":0,"3":0,"4":0,"5":0,"6":0,"7":0,"8":0,"9":0,"10":0,"11":0,"12":0,"13":0,"14":0,"15":0,"16":0,"17":0,"18":0,"19":0,"20":0,"21":0},"f":{"0":0,"1":0,"2":0,"3":0,"4":0,"5":0},"b":{}}
,"C:\\Studium3\\ContDel\\pwa\\editProfile.js": {"path":"C:\\Studium3\\ContDel\\pwa\\editProfile.js","statementMap":{"0":{"start":{"line":1,"column":16},"end":{"line":3,"column":1}},"1":{"start":{"line":2,"column":4},"end":{"line":2,"column":28}},"2":{"start":{"line":5,"column":0},"end":{"line":5,"column":19}},"3":{"start":{"line":7,"column":0},"end":{"line":21,"column":3}},"4":{"start":{"line":8,"column":4},"end":{"line":20,"column":7}},"5":{"start":{"line":9,"column":8},"end":{"line":9,"column":31}},"6":{"start":{"line":11,"column":23},"end":{"line":11,"column":49}},"7":{"start":{"line":12,"column":8},"end":{"line":12,"column":41}},"8":{"start":{"line":13,"column":8},"end":{"line":13,"column":39}},"9":{"start":{"line":14,"column":8},"end":{"line":14,"column":55}},"10":{"start":{"line":15,"column":8},"end":{"line":15,"column":43}},"11":{"start":{"line":16,"column":8},"end":{"line":16,"column":52}},"12":{"start":{"line":17,"column":8},"end":{"line":17,"column":21}},"13":{"start":{"line":18,"column":8},"end":{"line":18,"column":41}},"14":{"start":{"line":24,"column":20},"end":{"line":24,"column":60}},"15":{"start":{"line":25,"column":4},"end":{"line":27,"column":5}},"16":{"start":{"line":25,"column":16},"end":{"line":25,"column":17}},"17":{"start":{"line":26,"column":7},"end":{"line":26,"column":49}},"18":{"start":{"line":32,"column":19},"end":{"line":32,"column":58}},"19":{"start":{"line":33,"column":4},"end":{"line":35,"column":5}},"20":{"start":{"line":33,"column":16},"end":{"line":33,"column":17}},"21":{"start":{"line":34,"column":7},"end":{"line":34,"column":48}},"22":{"start":{"line":39,"column":4},"end":{"line":39,"column":18}},"23":{"start":{"line":40,"column":4},"end":{"line":40,"column":51}},"24":{"start":{"line":41,"column":4},"end":{"line":41,"column":113}},"25":{"start":{"line":45,"column":4},"end":{"line":45,"column":17}},"26":{"start":{"line":46,"column":4},"end":{"line":46,"column":50}},"27":{"start":{"line":47,"column":4},"end":{"line":47,"column":74}},"28":{"start":{"line":51,"column":23},"end":{"line":51,"column":44}},"29":{"start":{"line":52,"column":4},"end":{"line":52,"column":30}},"30":{"start":{"line":53,"column":22},"end":{"line":53,"column":42}},"31":{"start":{"line":54,"column":4},"end":{"line":54,"column":28}},"32":{"start":{"line":55,"column":4},"end":{"line":55,"column":59}},"33":{"start":{"line":56,"column":4},"end":{"line":56,"column":57}},"34":{"start":{"line":57,"column":4},"end":{"line":57,"column":68}},"35":{"start":{"line":61,"column":24},"end":{"line":61,"column":64}},"36":{"start":{"line":62,"column":4},"end":{"line":66,"column":5}},"37":{"start":{"line":63,"column":8},"end":{"line":65,"column":9}},"38":{"start":{"line":64,"column":12},"end":{"line":64,"column":27}},"39":{"start":{"line":70,"column":23},"end":{"line":70,"column":62}},"40":{"start":{"line":71,"column":4},"end":{"line":75,"column":5}},"41":{"start":{"line":72,"column":8},"end":{"line":74,"column":9}},"42":{"start":{"line":73,"column":12},"end":{"line":73,"column":27}}},"fnMap":{"0":{"name":"(anonymous_0)","decl":{"start":{"line":1,"column":16},"end":{"line":1,"column":17}},"loc":{"start":{"line":1,"column":22},"end":{"line":3,"column":1}},"line":1},"1":{"name":"(anonymous_1)","decl":{"start":{"line":7,"column":46},"end":{"line":7,"column":47}},"loc":{"start":{"line":7,"column":58},"end":{"line":21,"column":1}},"line":7},"2":{"name":"(anonymous_2)","decl":{"start":{"line":8,"column":74},"end":{"line":8,"column":75}},"loc":{"start":{"line":8,"column":91},"end":{"line":20,"column":5}},"line":8},"3":{"name":"resetColors","decl":{"start":{"line":23,"column":9},"end":{"line":23,"column":20}},"loc":{"start":{"line":23,"column":22},"end":{"line":29,"column":2}},"line":23},"4":{"name":"resetIcons","decl":{"start":{"line":31,"column":10},"end":{"line":31,"column":20}},"loc":{"start":{"line":31,"column":22},"end":{"line":36,"column":2}},"line":31},"5":{"name":"selectColor","decl":{"start":{"line":38,"column":10},"end":{"line":38,"column":21}},"loc":{"start":{"line":38,"column":36},"end":{"line":42,"column":2}},"line":38},"6":{"name":"selectIcon","decl":{"start":{"line":44,"column":10},"end":{"line":44,"column":20}},"loc":{"start":{"line":44,"column":34},"end":{"line":48,"column":2}},"line":44},"7":{"name":"initializeProfileData","decl":{"start":{"line":50,"column":10},"end":{"line":50,"column":31}},"loc":{"start":{"line":50,"column":33},"end":{"line":58,"column":2}},"line":50},"8":{"name":"getUserColorElement","decl":{"start":{"line":60,"column":10},"end":{"line":60,"column":29}},"loc":{"start":{"line":60,"column":31},"end":{"line":67,"column":2}},"line":60},"9":{"name":"getUserIconElement","decl":{"start":{"line":69,"column":9},"end":{"line":69,"column":27}},"loc":{"start":{"line":69,"column":29},"end":{"line":76,"column":1}},"line":69}},"branchMap":{"0":{"loc":{"start":{"line":63,"column":8},"end":{"line":65,"column":9}},"type":"if","locations":[{"start":{"line":63,"column":8},"end":{"line":65,"column":9}},{"start":{},"end":{}}],"line":63},"1":{"loc":{"start":{"line":72,"column":8},"end":{"line":74,"column":9}},"type":"if","locations":[{"start":{"line":72,"column":8},"end":{"line":74,"column":9}},{"start":{},"end":{}}],"line":72}},"s":{"0":0,"1":0,"2":0,"3":0,"4":0,"5":0,"6":0,"7":0,"8":0,"9":0,"10":0,"11":0,"12":0,"13":0,"14":0,"15":0,"16":0,"17":0,"18":0,"19":0,"20":0,"21":0,"22":0,"23":0,"24":0,"25":0,"26":0,"27":0,"28":0,"29":0,"30":0,"31":0,"32":0,"33":0,"34":0,"35":0,"36":0,"37":0,"38":0,"39":0,"40":0,"41":0,"42":0},"f":{"0":0,"1":0,"2":0,"3":0,"4":0,"5":0,"6":0,"7":0,"8":0,"9":0},"b":{"0":[0,0],"1":[0,0]}}
,"C:\\Studium3\\ContDel\\pwa\\index.js": {"path":"C:\\Studium3\\ContDel\\pwa\\index.js","statementMap":{"0":{"start":{"line":1,"column":19},"end":{"line":1,"column":24}},"1":{"start":{"line":2,"column":21},"end":{"line":2,"column":26}},"2":{"start":{"line":4,"column":23},"end":{"line":7,"column":1}},"3":{"start":{"line":5,"column":4},"end":{"line":5,"column":23}},"4":{"start":{"line":6,"column":4},"end":{"line":6,"column":17}},"5":{"start":{"line":9,"column":0},"end":{"line":9,"column":23}},"6":{"start":{"line":11,"column":0},"end":{"line":32,"column":1}},"7":{"start":{"line":12,"column":14},"end":{"line":28,"column":5}},"8":{"start":{"line":29,"column":4},"end":{"line":29,"column":25}},"9":{"start":{"line":30,"column":4},"end":{"line":30,"column":25}},"10":{"start":{"line":31,"column":4},"end":{"line":31,"column":17}},"11":{"start":{"line":35,"column":4},"end":{"line":37,"column":6}},"12":{"start":{"line":36,"column":8},"end":{"line":36,"column":50}},"13":{"start":{"line":41,"column":4},"end":{"line":41,"column":48}},"14":{"start":{"line":41,"column":42},"end":{"line":41,"column":48}},"15":{"start":{"line":42,"column":4},"end":{"line":42,"column":90}},"16":{"start":{"line":42,"column":70},"end":{"line":42,"column":87}},"17":{"start":{"line":43,"column":4},"end":{"line":43,"column":90}},"18":{"start":{"line":43,"column":70},"end":{"line":43,"column":87}},"19":{"start":{"line":44,"column":4},"end":{"line":44,"column":85}},"20":{"start":{"line":44,"column":70},"end":{"line":44,"column":82}},"21":{"start":{"line":45,"column":4},"end":{"line":55,"column":6}},"22":{"start":{"line":46,"column":8},"end":{"line":46,"column":23}},"23":{"start":{"line":47,"column":8},"end":{"line":47,"column":21}},"24":{"start":{"line":48,"column":8},"end":{"line":48,"column":21}},"25":{"start":{"line":49,"column":8},"end":{"line":54,"column":9}},"26":{"start":{"line":50,"column":12},"end":{"line":50,"column":32}},"27":{"start":{"line":52,"column":12},"end":{"line":52,"column":25}},"28":{"start":{"line":53,"column":12},"end":{"line":53,"column":30}},"29":{"start":{"line":56,"column":4},"end":{"line":60,"column":6}},"30":{"start":{"line":57,"column":8},"end":{"line":57,"column":27}},"31":{"start":{"line":58,"column":8},"end":{"line":58,"column":21}},"32":{"start":{"line":59,"column":8},"end":{"line":59,"column":21}},"33":{"start":{"line":61,"column":4},"end":{"line":65,"column":5}},"34":{"start":{"line":62,"column":8},"end":{"line":62,"column":21}},"35":{"start":{"line":64,"column":8},"end":{"line":64,"column":28}},"36":{"start":{"line":69,"column":21},"end":{"line":71,"column":6}},"37":{"start":{"line":70,"column":8},"end":{"line":70,"column":39}},"38":{"start":{"line":72,"column":17},"end":{"line":72,"column":22}},"39":{"start":{"line":73,"column":4},"end":{"line":78,"column":5}},"40":{"start":{"line":74,"column":8},"end":{"line":77,"column":9}},"41":{"start":{"line":75,"column":12},"end":{"line":75,"column":32}},"42":{"start":{"line":76,"column":12},"end":{"line":76,"column":17}},"43":{"start":{"line":79,"column":22},"end":{"line":79,"column":59}},"44":{"start":{"line":80,"column":28},"end":{"line":80,"column":48}},"45":{"start":{"line":81,"column":4},"end":{"line":81,"column":56}},"46":{"start":{"line":82,"column":4},"end":{"line":82,"column":55}},"47":{"start":{"line":83,"column":4},"end":{"line":83,"column":60}},"48":{"start":{"line":84,"column":4},"end":{"line":84,"column":62}},"49":{"start":{"line":85,"column":4},"end":{"line":85,"column":62}},"50":{"start":{"line":86,"column":4},"end":{"line":86,"column":54}},"51":{"start":{"line":87,"column":4},"end":{"line":87,"column":103}},"52":{"start":{"line":91,"column":4},"end":{"line":117,"column":5}},"53":{"start":{"line":92,"column":8},"end":{"line":116,"column":9}},"54":{"start":{"line":93,"column":12},"end":{"line":93,"column":83}},"55":{"start":{"line":94,"column":12},"end":{"line":100,"column":13}},"56":{"start":{"line":95,"column":16},"end":{"line":95,"column":31}},"57":{"start":{"line":96,"column":16},"end":{"line":96,"column":59}},"58":{"start":{"line":98,"column":16},"end":{"line":98,"column":31}},"59":{"start":{"line":99,"column":16},"end":{"line":99,"column":59}},"60":{"start":{"line":101,"column":30},"end":{"line":101,"column":59}},"61":{"start":{"line":102,"column":32},"end":{"line":102,"column":111}},"62":{"start":{"line":103,"column":12},"end":{"line":103,"column":61}},"63":{"start":{"line":104,"column":12},"end":{"line":110,"column":13}},"64":{"start":{"line":105,"column":16},"end":{"line":105,"column":54}},"65":{"start":{"line":106,"column":16},"end":{"line":106,"column":66}},"66":{"start":{"line":108,"column":16},"end":{"line":108,"column":54}},"67":{"start":{"line":109,"column":16},"end":{"line":109,"column":66}},"68":{"start":{"line":111,"column":12},"end":{"line":111,"column":27}},"69":{"start":{"line":112,"column":12},"end":{"line":112,"column":25}},"70":{"start":{"line":113,"column":12},"end":{"line":113,"column":25}},"71":{"start":{"line":114,"column":12},"end":{"line":114,"column":28}},"72":{"start":{"line":115,"column":12},"end":{"line":115,"column":18}},"73":{"start":{"line":121,"column":4},"end":{"line":121,"column":37}},"74":{"start":{"line":122,"column":4},"end":{"line":122,"column":34}},"75":{"start":{"line":123,"column":4},"end":{"line":130,"column":12}},"76":{"start":{"line":124,"column":8},"end":{"line":129,"column":9}},"77":{"start":{"line":125,"column":12},"end":{"line":125,"column":32}},"78":{"start":{"line":127,"column":12},"end":{"line":127,"column":25}},"79":{"start":{"line":128,"column":12},"end":{"line":128,"column":30}},"80":{"start":{"line":134,"column":4},"end":{"line":134,"column":37}},"81":{"start":{"line":135,"column":4},"end":{"line":135,"column":46}},"82":{"start":{"line":136,"column":4},"end":{"line":136,"column":34}},"83":{"start":{"line":140,"column":4},"end":{"line":140,"column":37}},"84":{"start":{"line":141,"column":4},"end":{"line":141,"column":34}},"85":{"start":{"line":142,"column":4},"end":{"line":142,"column":46}},"86":{"start":{"line":146,"column":4},"end":{"line":146,"column":18}},"87":{"start":{"line":147,"column":4},"end":{"line":147,"column":19}},"88":{"start":{"line":148,"column":4},"end":{"line":148,"column":17}},"89":{"start":{"line":149,"column":4},"end":{"line":149,"column":17}},"90":{"start":{"line":150,"column":4},"end":{"line":150,"column":22}},"91":{"start":{"line":155,"column":4},"end":{"line":155,"column":32}},"92":{"start":{"line":156,"column":24},"end":{"line":156,"column":67}},"93":{"start":{"line":156,"column":50},"end":{"line":156,"column":64}},"94":{"start":{"line":157,"column":21},"end":{"line":157,"column":87}},"95":{"start":{"line":157,"column":47},"end":{"line":157,"column":84}},"96":{"start":{"line":158,"column":4},"end":{"line":162,"column":5}},"97":{"start":{"line":159,"column":8},"end":{"line":159,"column":33}},"98":{"start":{"line":161,"column":8},"end":{"line":161,"column":24}},"99":{"start":{"line":166,"column":4},"end":{"line":174,"column":5}},"100":{"start":{"line":167,"column":8},"end":{"line":173,"column":9}},"101":{"start":{"line":168,"column":12},"end":{"line":170,"column":13}},"102":{"start":{"line":169,"column":16},"end":{"line":169,"column":50}},"103":{"start":{"line":171,"column":12},"end":{"line":171,"column":38}},"104":{"start":{"line":172,"column":12},"end":{"line":172,"column":18}},"105":{"start":{"line":175,"column":4},"end":{"line":178,"column":26}},"106":{"start":{"line":183,"column":4},"end":{"line":186,"column":5}},"107":{"start":{"line":183,"column":17},"end":{"line":183,"column":32}},"108":{"start":{"line":184,"column":18},"end":{"line":184,"column":53}},"109":{"start":{"line":185,"column":8},"end":{"line":185,"column":48}},"110":{"start":{"line":187,"column":4},"end":{"line":187,"column":16}}},"fnMap":{"0":{"name":"(anonymous_0)","decl":{"start":{"line":4,"column":23},"end":{"line":4,"column":24}},"loc":{"start":{"line":4,"column":29},"end":{"line":7,"column":1}},"line":4},"1":{"name":"(anonymous_1)","decl":{"start":{"line":11,"column":16},"end":{"line":11,"column":17}},"loc":{"start":{"line":11,"column":28},"end":{"line":32,"column":1}},"line":11},"2":{"name":"getElementsById","decl":{"start":{"line":34,"column":9},"end":{"line":34,"column":24}},"loc":{"start":{"line":34,"column":30},"end":{"line":38,"column":1}},"line":34},"3":{"name":"(anonymous_3)","decl":{"start":{"line":35,"column":16},"end":{"line":35,"column":17}},"loc":{"start":{"line":35,"column":22},"end":{"line":37,"column":5}},"line":35},"4":{"name":"finishSetup","decl":{"start":{"line":40,"column":9},"end":{"line":40,"column":20}},"loc":{"start":{"line":40,"column":23},"end":{"line":66,"column":1}},"line":40},"5":{"name":"(anonymous_5)","decl":{"start":{"line":42,"column":56},"end":{"line":42,"column":57}},"loc":{"start":{"line":42,"column":68},"end":{"line":42,"column":89}},"line":42},"6":{"name":"(anonymous_6)","decl":{"start":{"line":43,"column":56},"end":{"line":43,"column":57}},"loc":{"start":{"line":43,"column":68},"end":{"line":43,"column":89}},"line":43},"7":{"name":"(anonymous_7)","decl":{"start":{"line":44,"column":56},"end":{"line":44,"column":57}},"loc":{"start":{"line":44,"column":68},"end":{"line":44,"column":84}},"line":44},"8":{"name":"(anonymous_8)","decl":{"start":{"line":45,"column":50},"end":{"line":45,"column":51}},"loc":{"start":{"line":45,"column":62},"end":{"line":55,"column":5}},"line":45},"9":{"name":"(anonymous_9)","decl":{"start":{"line":56,"column":56},"end":{"line":56,"column":57}},"loc":{"start":{"line":56,"column":68},"end":{"line":60,"column":5}},"line":56},"10":{"name":"setCardData","decl":{"start":{"line":68,"column":9},"end":{"line":68,"column":20}},"loc":{"start":{"line":68,"column":23},"end":{"line":88,"column":1}},"line":68},"11":{"name":"(anonymous_11)","decl":{"start":{"line":69,"column":35},"end":{"line":69,"column":36}},"loc":{"start":{"line":69,"column":45},"end":{"line":71,"column":5}},"line":69},"12":{"name":"onCardFinished","decl":{"start":{"line":90,"column":9},"end":{"line":90,"column":23}},"loc":{"start":{"line":90,"column":36},"end":{"line":118,"column":1}},"line":90},"13":{"name":"showAnswerCard","decl":{"start":{"line":120,"column":15},"end":{"line":120,"column":29}},"loc":{"start":{"line":120,"column":32},"end":{"line":131,"column":1}},"line":120},"14":{"name":"(anonymous_14)","decl":{"start":{"line":123,"column":15},"end":{"line":123,"column":16}},"loc":{"start":{"line":123,"column":27},"end":{"line":130,"column":5}},"line":123},"15":{"name":"showQuestionCard","decl":{"start":{"line":133,"column":9},"end":{"line":133,"column":25}},"loc":{"start":{"line":133,"column":28},"end":{"line":137,"column":1}},"line":133},"16":{"name":"showOutOfQuestions","decl":{"start":{"line":139,"column":9},"end":{"line":139,"column":27}},"loc":{"start":{"line":139,"column":30},"end":{"line":143,"column":1}},"line":139},"17":{"name":"resetPolls","decl":{"start":{"line":145,"column":9},"end":{"line":145,"column":19}},"loc":{"start":{"line":145,"column":22},"end":{"line":152,"column":1}},"line":145},"18":{"name":"getNextCard","decl":{"start":{"line":154,"column":9},"end":{"line":154,"column":20}},"loc":{"start":{"line":154,"column":23},"end":{"line":163,"column":1}},"line":154},"19":{"name":"(anonymous_19)","decl":{"start":{"line":156,"column":38},"end":{"line":156,"column":39}},"loc":{"start":{"line":156,"column":48},"end":{"line":156,"column":66}},"line":156},"20":{"name":"(anonymous_20)","decl":{"start":{"line":157,"column":35},"end":{"line":157,"column":36}},"loc":{"start":{"line":157,"column":45},"end":{"line":157,"column":86}},"line":157},"21":{"name":"addPollToSeen","decl":{"start":{"line":165,"column":9},"end":{"line":165,"column":22}},"loc":{"start":{"line":165,"column":39},"end":{"line":179,"column":1}},"line":165},"22":{"name":"shuffle","decl":{"start":{"line":182,"column":9},"end":{"line":182,"column":16}},"loc":{"start":{"line":182,"column":23},"end":{"line":188,"column":1}},"line":182}},"branchMap":{"0":{"loc":{"start":{"line":41,"column":4},"end":{"line":41,"column":48}},"type":"if","locations":[{"start":{"line":41,"column":4},"end":{"line":41,"column":48}},{"start":{},"end":{}}],"line":41},"1":{"loc":{"start":{"line":41,"column":8},"end":{"line":41,"column":40}},"type":"binary-expr","locations":[{"start":{"line":41,"column":8},"end":{"line":41,"column":21}},{"start":{"line":41,"column":25},"end":{"line":41,"column":40}}],"line":41},"2":{"loc":{"start":{"line":49,"column":8},"end":{"line":54,"column":9}},"type":"if","locations":[{"start":{"line":49,"column":8},"end":{"line":54,"column":9}},{"start":{"line":51,"column":15},"end":{"line":54,"column":9}}],"line":49},"3":{"loc":{"start":{"line":61,"column":4},"end":{"line":65,"column":5}},"type":"if","locations":[{"start":{"line":61,"column":4},"end":{"line":65,"column":5}},{"start":{"line":63,"column":11},"end":{"line":65,"column":5}}],"line":61},"4":{"loc":{"start":{"line":74,"column":8},"end":{"line":77,"column":9}},"type":"if","locations":[{"start":{"line":74,"column":8},"end":{"line":77,"column":9}},{"start":{},"end":{}}],"line":74},"5":{"loc":{"start":{"line":87,"column":36},"end":{"line":87,"column":103}},"type":"cond-expr","locations":[{"start":{"line":87,"column":45},"end":{"line":87,"column":72}},{"start":{"line":87,"column":75},"end":{"line":87,"column":103}}],"line":87},"6":{"loc":{"start":{"line":92,"column":8},"end":{"line":116,"column":9}},"type":"if","locations":[{"start":{"line":92,"column":8},"end":{"line":116,"column":9}},{"start":{},"end":{}}],"line":92},"7":{"loc":{"start":{"line":94,"column":12},"end":{"line":100,"column":13}},"type":"if","locations":[{"start":{"line":94,"column":12},"end":{"line":100,"column":13}},{"start":{"line":97,"column":19},"end":{"line":100,"column":13}}],"line":94},"8":{"loc":{"start":{"line":102,"column":44},"end":{"line":102,"column":91}},"type":"cond-expr","locations":[{"start":{"line":102,"column":62},"end":{"line":102,"column":75}},{"start":{"line":102,"column":78},"end":{"line":102,"column":91}}],"line":102},"9":{"loc":{"start":{"line":104,"column":12},"end":{"line":110,"column":13}},"type":"if","locations":[{"start":{"line":104,"column":12},"end":{"line":110,"column":13}},{"start":{"line":107,"column":19},"end":{"line":110,"column":13}}],"line":104},"10":{"loc":{"start":{"line":124,"column":8},"end":{"line":129,"column":9}},"type":"if","locations":[{"start":{"line":124,"column":8},"end":{"line":129,"column":9}},{"start":{"line":126,"column":15},"end":{"line":129,"column":9}}],"line":124},"11":{"loc":{"start":{"line":158,"column":4},"end":{"line":162,"column":5}},"type":"if","locations":[{"start":{"line":158,"column":4},"end":{"line":162,"column":5}},{"start":{"line":160,"column":11},"end":{"line":162,"column":5}}],"line":158},"12":{"loc":{"start":{"line":165,"column":23},"end":{"line":165,"column":37}},"type":"default-arg","locations":[{"start":{"line":165,"column":32},"end":{"line":165,"column":37}}],"line":165},"13":{"loc":{"start":{"line":167,"column":8},"end":{"line":173,"column":9}},"type":"if","locations":[{"start":{"line":167,"column":8},"end":{"line":173,"column":9}},{"start":{},"end":{}}],"line":167},"14":{"loc":{"start":{"line":168,"column":12},"end":{"line":170,"column":13}},"type":"if","locations":[{"start":{"line":168,"column":12},"end":{"line":170,"column":13}},{"start":{},"end":{}}],"line":168}},"s":{"0":0,"1":0,"2":0,"3":0,"4":0,"5":0,"6":0,"7":0,"8":0,"9":0,"10":0,"11":0,"12":0,"13":0,"14":0,"15":0,"16":0,"17":0,"18":0,"19":0,"20":0,"21":0,"22":0,"23":0,"24":0,"25":0,"26":0,"27":0,"28":0,"29":0,"30":0,"31":0,"32":0,"33":0,"34":0,"35":0,"36":0,"37":0,"38":0,"39":0,"40":0,"41":0,"42":0,"43":0,"44":0,"45":0,"46":0,"47":0,"48":0,"49":0,"50":0,"51":0,"52":0,"53":0,"54":0,"55":0,"56":0,"57":0,"58":0,"59":0,"60":0,"61":0,"62":0,"63":0,"64":0,"65":0,"66":0,"67":0,"68":0,"69":0,"70":0,"71":0,"72":0,"73":0,"74":0,"75":0,"76":0,"77":0,"78":0,"79":0,"80":0,"81":0,"82":0,"83":0,"84":0,"85":0,"86":0,"87":0,"88":0,"89":0,"90":0,"91":0,"92":0,"93":0,"94":0,"95":0,"96":0,"97":0,"98":0,"99":0,"100":0,"101":0,"102":0,"103":0,"104":0,"105":0,"106":0,"107":0,"108":0,"109":0,"110":0},"f":{"0":0,"1":0,"2":0,"3":0,"4":0,"5":0,"6":0,"7":0,"8":0,"9":0,"10":0,"11":0,"12":0,"13":0,"14":0,"15":0,"16":0,"17":0,"18":0,"19":0,"20":0,"21":0,"22":0},"b":{"0":[0,0],"1":[0,0],"2":[0,0],"3":[0,0],"4":[0,0],"5":[0,0],"6":[0,0],"7":[0,0],"8":[0,0],"9":[0,0],"10":[0,0],"11":[0,0],"12":[0],"13":[0,0],"14":[0,0]}}
,"C:\\Studium3\\ContDel\\pwa\\main.js": {"path":"C:\\Studium3\\ContDel\\pwa\\main.js","statementMap":{"0":{"start":{"line":9,"column":14},"end":{"line":12,"column":1}},"1":{"start":{"line":10,"column":22},"end":{"line":10,"column":62}},"2":{"start":{"line":11,"column":4},"end":{"line":11,"column":46}},"3":{"start":{"line":14,"column":27},"end":{"line":14,"column":100}},"4":{"start":{"line":14,"column":33},"end":{"line":14,"column":100}},"5":{"start":{"line":17,"column":0},"end":{"line":19,"column":1}},"6":{"start":{"line":18,"column":4},"end":{"line":18,"column":48}},"7":{"start":{"line":22,"column":15},"end":{"line":22,"column":17}},"8":{"start":{"line":23,"column":16},"end":{"line":23,"column":18}},"9":{"start":{"line":24,"column":15},"end":{"line":24,"column":17}},"10":{"start":{"line":25,"column":18},"end":{"line":25,"column":22}},"11":{"start":{"line":26,"column":11},"end":{"line":26,"column":15}},"12":{"start":{"line":27,"column":20},"end":{"line":27,"column":24}},"13":{"start":{"line":29,"column":15},"end":{"line":29,"column":41}},"14":{"start":{"line":33,"column":4},"end":{"line":33,"column":41}},"15":{"start":{"line":35,"column":4},"end":{"line":45,"column":5}},"16":{"start":{"line":39,"column":8},"end":{"line":39,"column":29}},"17":{"start":{"line":41,"column":8},"end":{"line":42,"column":27}},"18":{"start":{"line":42,"column":12},"end":{"line":42,"column":27}},"19":{"start":{"line":44,"column":8},"end":{"line":44,"column":34}},"20":{"start":{"line":49,"column":0},"end":{"line":56,"column":1}},"21":{"start":{"line":50,"column":4},"end":{"line":50,"column":31}},"22":{"start":{"line":51,"column":4},"end":{"line":51,"column":26}},"23":{"start":{"line":52,"column":4},"end":{"line":52,"column":19}},"24":{"start":{"line":53,"column":4},"end":{"line":53,"column":18}},"25":{"start":{"line":54,"column":4},"end":{"line":54,"column":24}},"26":{"start":{"line":55,"column":4},"end":{"line":55,"column":19}},"27":{"start":{"line":59,"column":4},"end":{"line":59,"column":60}},"28":{"start":{"line":60,"column":4},"end":{"line":60,"column":64}},"29":{"start":{"line":61,"column":4},"end":{"line":61,"column":62}},"30":{"start":{"line":62,"column":4},"end":{"line":62,"column":52}},"31":{"start":{"line":66,"column":4},"end":{"line":66,"column":54}},"32":{"start":{"line":70,"column":4},"end":{"line":70,"column":64}},"33":{"start":{"line":71,"column":4},"end":{"line":71,"column":62}},"34":{"start":{"line":72,"column":4},"end":{"line":72,"column":52}},"35":{"start":{"line":76,"column":4},"end":{"line":76,"column":62}},"36":{"start":{"line":77,"column":4},"end":{"line":77,"column":52}},"37":{"start":{"line":78,"column":4},"end":{"line":78,"column":54}},"38":{"start":{"line":79,"column":4},"end":{"line":79,"column":64}}},"fnMap":{"0":{"name":"(anonymous_0)","decl":{"start":{"line":9,"column":14},"end":{"line":9,"column":15}},"loc":{"start":{"line":9,"column":20},"end":{"line":12,"column":1}},"line":9},"1":{"name":"(anonymous_1)","decl":{"start":{"line":14,"column":27},"end":{"line":14,"column":28}},"loc":{"start":{"line":14,"column":33},"end":{"line":14,"column":100}},"line":14},"2":{"name":"getData","decl":{"start":{"line":31,"column":15},"end":{"line":31,"column":22}},"loc":{"start":{"line":31,"column":53},"end":{"line":47,"column":1}},"line":31},"3":{"name":"(anonymous_3)","decl":{"start":{"line":49,"column":19},"end":{"line":49,"column":20}},"loc":{"start":{"line":49,"column":36},"end":{"line":56,"column":1}},"line":49},"4":{"name":"getFromLocalStorage","decl":{"start":{"line":58,"column":9},"end":{"line":58,"column":28}},"loc":{"start":{"line":58,"column":31},"end":{"line":63,"column":1}},"line":58},"5":{"name":"updateUser","decl":{"start":{"line":65,"column":9},"end":{"line":65,"column":19}},"loc":{"start":{"line":65,"column":22},"end":{"line":67,"column":1}},"line":65},"6":{"name":"updateCards","decl":{"start":{"line":69,"column":9},"end":{"line":69,"column":20}},"loc":{"start":{"line":69,"column":23},"end":{"line":73,"column":1}},"line":69},"7":{"name":"updateLocalStorage","decl":{"start":{"line":75,"column":9},"end":{"line":75,"column":27}},"loc":{"start":{"line":75,"column":30},"end":{"line":80,"column":1}},"line":75}},"branchMap":{"0":{"loc":{"start":{"line":14,"column":33},"end":{"line":14,"column":100}},"type":"binary-expr","locations":[{"start":{"line":14,"column":34},"end":{"line":14,"column":66}},{"start":{"line":14,"column":72},"end":{"line":14,"column":99}}],"line":14},"1":{"loc":{"start":{"line":17,"column":0},"end":{"line":19,"column":1}},"type":"if","locations":[{"start":{"line":17,"column":0},"end":{"line":19,"column":1}},{"start":{},"end":{}}],"line":17},"2":{"loc":{"start":{"line":17,"column":4},"end":{"line":17,"column":36}},"type":"binary-expr","locations":[{"start":{"line":17,"column":4},"end":{"line":17,"column":11}},{"start":{"line":17,"column":15},"end":{"line":17,"column":36}}],"line":17},"3":{"loc":{"start":{"line":31,"column":23},"end":{"line":31,"column":51}},"type":"default-arg","locations":[{"start":{"line":31,"column":47},"end":{"line":31,"column":51}}],"line":31},"4":{"loc":{"start":{"line":35,"column":4},"end":{"line":45,"column":5}},"type":"if","locations":[{"start":{"line":35,"column":4},"end":{"line":45,"column":5}},{"start":{"line":43,"column":11},"end":{"line":45,"column":5}}],"line":35},"5":{"loc":{"start":{"line":35,"column":8},"end":{"line":38,"column":48}},"type":"binary-expr","locations":[{"start":{"line":35,"column":8},"end":{"line":35,"column":49}},{"start":{"line":36,"column":11},"end":{"line":36,"column":55}},{"start":{"line":37,"column":11},"end":{"line":37,"column":53}},{"start":{"line":38,"column":11},"end":{"line":38,"column":48}}],"line":35},"6":{"loc":{"start":{"line":41,"column":8},"end":{"line":42,"column":27}},"type":"if","locations":[{"start":{"line":41,"column":8},"end":{"line":42,"column":27}},{"start":{},"end":{}}],"line":41}},"s":{"0":0,"1":0,"2":0,"3":0,"4":0,"5":0,"6":0,"7":0,"8":0,"9":0,"10":0,"11":0,"12":0,"13":0,"14":0,"15":0,"16":0,"17":0,"18":0,"19":0,"20":0,"21":0,"22":0,"23":0,"24":0,"25":0,"26":0,"27":0,"28":0,"29":0,"30":0,"31":0,"32":0,"33":0,"34":0,"35":0,"36":0,"37":0,"38":0},"f":{"0":0,"1":0,"2":0,"3":0,"4":0,"5":0,"6":0,"7":0},"b":{"0":[0,0],"1":[0,0],"2":[0,0],"3":[0],"4":[0,0],"5":[0,0,0,0],"6":[0,0]}}
,"C:\\Studium3\\ContDel\\pwa\\pins.js": {"path":"C:\\Studium3\\ContDel\\pwa\\pins.js","statementMap":{"0":{"start":{"line":1,"column":19},"end":{"line":1,"column":24}},"1":{"start":{"line":2,"column":21},"end":{"line":2,"column":26}},"2":{"start":{"line":4,"column":23},"end":{"line":7,"column":1}},"3":{"start":{"line":5,"column":4},"end":{"line":5,"column":23}},"4":{"start":{"line":6,"column":4},"end":{"line":6,"column":17}},"5":{"start":{"line":9,"column":0},"end":{"line":9,"column":23}},"6":{"start":{"line":11,"column":0},"end":{"line":19,"column":1}},"7":{"start":{"line":12,"column":14},"end":{"line":15,"column":5}},"8":{"start":{"line":16,"column":4},"end":{"line":16,"column":25}},"9":{"start":{"line":17,"column":4},"end":{"line":17,"column":25}},"10":{"start":{"line":18,"column":4},"end":{"line":18,"column":17}},"11":{"start":{"line":22,"column":4},"end":{"line":24,"column":6}},"12":{"start":{"line":23,"column":8},"end":{"line":23,"column":50}},"13":{"start":{"line":28,"column":4},"end":{"line":28,"column":48}},"14":{"start":{"line":28,"column":42},"end":{"line":28,"column":48}},"15":{"start":{"line":29,"column":4},"end":{"line":29,"column":66}},"16":{"start":{"line":29,"column":29},"end":{"line":29,"column":64}},"17":{"start":{"line":30,"column":24},"end":{"line":30,"column":82}},"18":{"start":{"line":30,"column":49},"end":{"line":30,"column":60}},"19":{"start":{"line":30,"column":74},"end":{"line":30,"column":81}},"20":{"start":{"line":31,"column":4},"end":{"line":33,"column":5}},"21":{"start":{"line":32,"column":8},"end":{"line":32,"column":27}},"22":{"start":{"line":34,"column":4},"end":{"line":42,"column":5}},"23":{"start":{"line":35,"column":8},"end":{"line":35,"column":37}},"24":{"start":{"line":35,"column":29},"end":{"line":35,"column":37}},"25":{"start":{"line":36,"column":8},"end":{"line":41,"column":9}},"26":{"start":{"line":37,"column":12},"end":{"line":40,"column":13}},"27":{"start":{"line":38,"column":42},"end":{"line":38,"column":71}},"28":{"start":{"line":39,"column":16},"end":{"line":39,"column":68}},"29":{"start":{"line":46,"column":4},"end":{"line":46,"column":49}},"30":{"start":{"line":47,"column":4},"end":{"line":47,"column":48}},"31":{"start":{"line":51,"column":4},"end":{"line":51,"column":49}},"32":{"start":{"line":52,"column":4},"end":{"line":52,"column":48}},"33":{"start":{"line":57,"column":4},"end":{"line":62,"column":5}},"34":{"start":{"line":58,"column":8},"end":{"line":61,"column":9}},"35":{"start":{"line":59,"column":12},"end":{"line":59,"column":31}},"36":{"start":{"line":60,"column":12},"end":{"line":60,"column":17}},"37":{"start":{"line":63,"column":23},"end":{"line":63,"column":50}},"38":{"start":{"line":64,"column":4},"end":{"line":67,"column":5}},"39":{"start":{"line":65,"column":23},"end":{"line":65,"column":44}},"40":{"start":{"line":66,"column":8},"end":{"line":66,"column":39}},"41":{"start":{"line":68,"column":4},"end":{"line":68,"column":17}},"42":{"start":{"line":69,"column":4},"end":{"line":71,"column":5}},"43":{"start":{"line":69,"column":32},"end":{"line":69,"column":43}},"44":{"start":{"line":70,"column":8},"end":{"line":70,"column":27}},"45":{"start":{"line":76,"column":30},"end":{"line":76,"column":59}},"46":{"start":{"line":77,"column":28},"end":{"line":77,"column":57}},"47":{"start":{"line":78,"column":25},"end":{"line":78,"column":54}},"48":{"start":{"line":79,"column":29},"end":{"line":79,"column":58}},"49":{"start":{"line":80,"column":27},"end":{"line":80,"column":56}},"50":{"start":{"line":81,"column":23},"end":{"line":81,"column":52}},"51":{"start":{"line":82,"column":36},"end":{"line":82,"column":65}},"52":{"start":{"line":83,"column":20},"end":{"line":83,"column":49}},"53":{"start":{"line":84,"column":20},"end":{"line":84,"column":49}},"54":{"start":{"line":85,"column":16},"end":{"line":85,"column":45}},"55":{"start":{"line":86,"column":32},"end":{"line":86,"column":61}},"56":{"start":{"line":87,"column":22},"end":{"line":87,"column":51}},"57":{"start":{"line":89,"column":4},"end":{"line":89,"column":53}},"58":{"start":{"line":90,"column":4},"end":{"line":90,"column":34}},"59":{"start":{"line":91,"column":4},"end":{"line":91,"column":49}},"60":{"start":{"line":92,"column":4},"end":{"line":92,"column":43}},"61":{"start":{"line":93,"column":4},"end":{"line":93,"column":51}},"62":{"start":{"line":94,"column":4},"end":{"line":94,"column":47}},"63":{"start":{"line":95,"column":4},"end":{"line":95,"column":39}},"64":{"start":{"line":96,"column":4},"end":{"line":96,"column":65}},"65":{"start":{"line":98,"column":4},"end":{"line":98,"column":56}},"66":{"start":{"line":99,"column":4},"end":{"line":99,"column":44}},"67":{"start":{"line":100,"column":4},"end":{"line":100,"column":48}},"68":{"start":{"line":101,"column":4},"end":{"line":101,"column":40}},"69":{"start":{"line":102,"column":4},"end":{"line":102,"column":40}},"70":{"start":{"line":103,"column":4},"end":{"line":103,"column":68}},"71":{"start":{"line":104,"column":4},"end":{"line":104,"column":41}},"72":{"start":{"line":106,"column":4},"end":{"line":108,"column":6}},"73":{"start":{"line":107,"column":8},"end":{"line":107,"column":38}},"74":{"start":{"line":110,"column":29},"end":{"line":110,"column":76}},"75":{"start":{"line":111,"column":35},"end":{"line":111,"column":63}},"76":{"start":{"line":113,"column":4},"end":{"line":113,"column":50}},"77":{"start":{"line":115,"column":4},"end":{"line":115,"column":49}},"78":{"start":{"line":116,"column":4},"end":{"line":116,"column":46}},"79":{"start":{"line":117,"column":4},"end":{"line":117,"column":52}},"80":{"start":{"line":118,"column":4},"end":{"line":118,"column":36}},"81":{"start":{"line":119,"column":4},"end":{"line":119,"column":42}},"82":{"start":{"line":120,"column":4},"end":{"line":120,"column":48}},"83":{"start":{"line":121,"column":4},"end":{"line":121,"column":48}},"84":{"start":{"line":122,"column":4},"end":{"line":122,"column":50}},"85":{"start":{"line":123,"column":4},"end":{"line":123,"column":51}},"86":{"start":{"line":124,"column":4},"end":{"line":124,"column":49}},"87":{"start":{"line":125,"column":4},"end":{"line":125,"column":58}},"88":{"start":{"line":127,"column":4},"end":{"line":127,"column":28}}},"fnMap":{"0":{"name":"(anonymous_0)","decl":{"start":{"line":4,"column":23},"end":{"line":4,"column":24}},"loc":{"start":{"line":4,"column":29},"end":{"line":7,"column":1}},"line":4},"1":{"name":"(anonymous_1)","decl":{"start":{"line":11,"column":16},"end":{"line":11,"column":17}},"loc":{"start":{"line":11,"column":28},"end":{"line":19,"column":1}},"line":11},"2":{"name":"getElementsById","decl":{"start":{"line":21,"column":9},"end":{"line":21,"column":24}},"loc":{"start":{"line":21,"column":30},"end":{"line":25,"column":1}},"line":21},"3":{"name":"(anonymous_3)","decl":{"start":{"line":22,"column":16},"end":{"line":22,"column":17}},"loc":{"start":{"line":22,"column":22},"end":{"line":24,"column":5}},"line":22},"4":{"name":"finishSetup","decl":{"start":{"line":27,"column":9},"end":{"line":27,"column":20}},"loc":{"start":{"line":27,"column":23},"end":{"line":43,"column":1}},"line":27},"5":{"name":"(anonymous_5)","decl":{"start":{"line":29,"column":19},"end":{"line":29,"column":20}},"loc":{"start":{"line":29,"column":29},"end":{"line":29,"column":64}},"line":29},"6":{"name":"(anonymous_6)","decl":{"start":{"line":30,"column":41},"end":{"line":30,"column":42}},"loc":{"start":{"line":30,"column":49},"end":{"line":30,"column":60}},"line":30},"7":{"name":"(anonymous_7)","decl":{"start":{"line":30,"column":66},"end":{"line":30,"column":67}},"loc":{"start":{"line":30,"column":74},"end":{"line":30,"column":81}},"line":30},"8":{"name":"showNoPinnedPolls","decl":{"start":{"line":45,"column":9},"end":{"line":45,"column":26}},"loc":{"start":{"line":45,"column":29},"end":{"line":48,"column":1}},"line":45},"9":{"name":"removeNoPinnedPolls","decl":{"start":{"line":50,"column":9},"end":{"line":50,"column":28}},"loc":{"start":{"line":50,"column":31},"end":{"line":53,"column":1}},"line":50},"10":{"name":"removeFromPinnedPolls","decl":{"start":{"line":56,"column":9},"end":{"line":56,"column":30}},"loc":{"start":{"line":56,"column":35},"end":{"line":72,"column":1}},"line":56},"11":{"name":"(anonymous_11)","decl":{"start":{"line":69,"column":24},"end":{"line":69,"column":25}},"loc":{"start":{"line":69,"column":32},"end":{"line":69,"column":43}},"line":69},"12":{"name":"createSmallPinContainer","decl":{"start":{"line":75,"column":9},"end":{"line":75,"column":32}},"loc":{"start":{"line":75,"column":39},"end":{"line":128,"column":1}},"line":75},"13":{"name":"(anonymous_13)","decl":{"start":{"line":106,"column":34},"end":{"line":106,"column":35}},"loc":{"start":{"line":106,"column":40},"end":{"line":108,"column":5}},"line":106}},"branchMap":{"0":{"loc":{"start":{"line":28,"column":4},"end":{"line":28,"column":48}},"type":"if","locations":[{"start":{"line":28,"column":4},"end":{"line":28,"column":48}},{"start":{},"end":{}}],"line":28},"1":{"loc":{"start":{"line":28,"column":8},"end":{"line":28,"column":40}},"type":"binary-expr","locations":[{"start":{"line":28,"column":8},"end":{"line":28,"column":21}},{"start":{"line":28,"column":25},"end":{"line":28,"column":40}}],"line":28},"2":{"loc":{"start":{"line":31,"column":4},"end":{"line":33,"column":5}},"type":"if","locations":[{"start":{"line":31,"column":4},"end":{"line":33,"column":5}},{"start":{},"end":{}}],"line":31},"3":{"loc":{"start":{"line":35,"column":8},"end":{"line":35,"column":37}},"type":"if","locations":[{"start":{"line":35,"column":8},"end":{"line":35,"column":37}},{"start":{},"end":{}}],"line":35},"4":{"loc":{"start":{"line":37,"column":12},"end":{"line":40,"column":13}},"type":"if","locations":[{"start":{"line":37,"column":12},"end":{"line":40,"column":13}},{"start":{},"end":{}}],"line":37},"5":{"loc":{"start":{"line":58,"column":8},"end":{"line":61,"column":9}},"type":"if","locations":[{"start":{"line":58,"column":8},"end":{"line":61,"column":9}},{"start":{},"end":{}}],"line":58},"6":{"loc":{"start":{"line":64,"column":4},"end":{"line":67,"column":5}},"type":"if","locations":[{"start":{"line":64,"column":4},"end":{"line":67,"column":5}},{"start":{},"end":{}}],"line":64},"7":{"loc":{"start":{"line":69,"column":4},"end":{"line":71,"column":5}},"type":"if","locations":[{"start":{"line":69,"column":4},"end":{"line":71,"column":5}},{"start":{},"end":{}}],"line":69}},"s":{"0":0,"1":0,"2":0,"3":0,"4":0,"5":0,"6":0,"7":0,"8":0,"9":0,"10":0,"11":0,"12":0,"13":0,"14":0,"15":0,"16":0,"17":0,"18":0,"19":0,"20":0,"21":0,"22":0,"23":0,"24":0,"25":0,"26":0,"27":0,"28":0,"29":0,"30":0,"31":0,"32":0,"33":0,"34":0,"35":0,"36":0,"37":0,"38":0,"39":0,"40":0,"41":0,"42":0,"43":0,"44":0,"45":0,"46":0,"47":0,"48":0,"49":0,"50":0,"51":0,"52":0,"53":0,"54":0,"55":0,"56":0,"57":0,"58":0,"59":0,"60":0,"61":0,"62":0,"63":0,"64":0,"65":0,"66":0,"67":0,"68":0,"69":0,"70":0,"71":0,"72":0,"73":0,"74":0,"75":0,"76":0,"77":0,"78":0,"79":0,"80":0,"81":0,"82":0,"83":0,"84":0,"85":0,"86":0,"87":0,"88":0},"f":{"0":0,"1":0,"2":0,"3":0,"4":0,"5":0,"6":0,"7":0,"8":0,"9":0,"10":0,"11":0,"12":0,"13":0},"b":{"0":[0,0],"1":[0,0],"2":[0,0],"3":[0,0],"4":[0,0],"5":[0,0],"6":[0,0],"7":[0,0]}}
,"C:\\Studium3\\ContDel\\pwa\\profile.js": {"path":"C:\\Studium3\\ContDel\\pwa\\profile.js","statementMap":{"0":{"start":{"line":1,"column":16},"end":{"line":4,"column":1}},"1":{"start":{"line":2,"column":4},"end":{"line":2,"column":18}},"2":{"start":{"line":3,"column":4},"end":{"line":3,"column":21}},"3":{"start":{"line":6,"column":0},"end":{"line":6,"column":19}},"4":{"start":{"line":9,"column":24},"end":{"line":9,"column":69}},"5":{"start":{"line":10,"column":16},"end":{"line":10,"column":17}},"6":{"start":{"line":12,"column":4},"end":{"line":30,"column":7}},"7":{"start":{"line":13,"column":30},"end":{"line":13,"column":164}},"8":{"start":{"line":14,"column":25},"end":{"line":14,"column":88}},"9":{"start":{"line":15,"column":24},"end":{"line":15,"column":72}},"10":{"start":{"line":17,"column":8},"end":{"line":27,"column":15}},"11":{"start":{"line":28,"column":8},"end":{"line":28,"column":63}},"12":{"start":{"line":29,"column":8},"end":{"line":29,"column":16}},"13":{"start":{"line":34,"column":4},"end":{"line":34,"column":33}},"14":{"start":{"line":35,"column":4},"end":{"line":35,"column":17}},"15":{"start":{"line":36,"column":4},"end":{"line":36,"column":18}},"16":{"start":{"line":40,"column":4},"end":{"line":42,"column":7}},"17":{"start":{"line":41,"column":8},"end":{"line":41,"column":22}},"18":{"start":{"line":43,"column":4},"end":{"line":43,"column":19}},"19":{"start":{"line":47,"column":4},"end":{"line":49,"column":7}},"20":{"start":{"line":48,"column":8},"end":{"line":48,"column":51}},"21":{"start":{"line":50,"column":4},"end":{"line":50,"column":59}},"22":{"start":{"line":51,"column":4},"end":{"line":51,"column":58}},"23":{"start":{"line":52,"column":4},"end":{"line":52,"column":56}},"24":{"start":{"line":53,"column":4},"end":{"line":53,"column":72}}},"fnMap":{"0":{"name":"(anonymous_0)","decl":{"start":{"line":1,"column":16},"end":{"line":1,"column":17}},"loc":{"start":{"line":1,"column":22},"end":{"line":4,"column":1}},"line":1},"1":{"name":"displayPosts","decl":{"start":{"line":8,"column":9},"end":{"line":8,"column":21}},"loc":{"start":{"line":8,"column":23},"end":{"line":31,"column":1}},"line":8},"2":{"name":"(anonymous_2)","decl":{"start":{"line":12,"column":27},"end":{"line":12,"column":28}},"loc":{"start":{"line":12,"column":43},"end":{"line":30,"column":5}},"line":12},"3":{"name":"deletePost","decl":{"start":{"line":33,"column":9},"end":{"line":33,"column":19}},"loc":{"start":{"line":33,"column":24},"end":{"line":37,"column":1}},"line":33},"4":{"name":"reloadPosts","decl":{"start":{"line":39,"column":9},"end":{"line":39,"column":20}},"loc":{"start":{"line":39,"column":23},"end":{"line":44,"column":1}},"line":39},"5":{"name":"(anonymous_5)","decl":{"start":{"line":40,"column":66},"end":{"line":40,"column":67}},"loc":{"start":{"line":40,"column":82},"end":{"line":42,"column":5}},"line":40},"6":{"name":"setProfileData","decl":{"start":{"line":46,"column":9},"end":{"line":46,"column":23}},"loc":{"start":{"line":46,"column":26},"end":{"line":54,"column":1}},"line":46},"7":{"name":"(anonymous_7)","decl":{"start":{"line":47,"column":67},"end":{"line":47,"column":68}},"loc":{"start":{"line":47,"column":86},"end":{"line":49,"column":5}},"line":47}},"branchMap":{"0":{"loc":{"start":{"line":13,"column":30},"end":{"line":13,"column":164}},"type":"cond-expr","locations":[{"start":{"line":13,"column":110},"end":{"line":13,"column":157}},{"start":{"line":13,"column":161},"end":{"line":13,"column":164}}],"line":13},"1":{"loc":{"start":{"line":13,"column":31},"end":{"line":13,"column":105}},"type":"binary-expr","locations":[{"start":{"line":13,"column":31},"end":{"line":13,"column":49}},{"start":{"line":13,"column":53},"end":{"line":13,"column":71}},{"start":{"line":13,"column":75},"end":{"line":13,"column":105}}],"line":13},"2":{"loc":{"start":{"line":14,"column":25},"end":{"line":14,"column":88}},"type":"cond-expr","locations":[{"start":{"line":14,"column":57},"end":{"line":14,"column":71}},{"start":{"line":14,"column":74},"end":{"line":14,"column":88}}],"line":14},"3":{"loc":{"start":{"line":15,"column":24},"end":{"line":15,"column":72}},"type":"cond-expr","locations":[{"start":{"line":15,"column":56},"end":{"line":15,"column":62}},{"start":{"line":15,"column":65},"end":{"line":15,"column":72}}],"line":15}},"s":{"0":0,"1":0,"2":0,"3":0,"4":0,"5":0,"6":0,"7":0,"8":0,"9":0,"10":0,"11":0,"12":0,"13":0,"14":0,"15":0,"16":0,"17":0,"18":0,"19":0,"20":0,"21":0,"22":0,"23":0,"24":0},"f":{"0":0,"1":0,"2":0,"3":0,"4":0,"5":0,"6":0,"7":0},"b":{"0":[0,0],"1":[0,0,0],"2":[0,0],"3":[0,0]}}
,"C:\\Studium3\\ContDel\\pwa\\serviceworker.js": {"path":"C:\\Studium3\\ContDel\\pwa\\serviceworker.js","statementMap":{"0":{"start":{"line":11,"column":16},"end":{"line":11,"column":32}},"1":{"start":{"line":12,"column":19},"end":{"line":60,"column":1}},"2":{"start":{"line":73,"column":0},"end":{"line":80,"column":3}},"3":{"start":{"line":74,"column":2},"end":{"line":74,"column":55}},"4":{"start":{"line":75,"column":2},"end":{"line":79,"column":4}},"5":{"start":{"line":77,"column":8},"end":{"line":77,"column":42}},"6":{"start":{"line":83,"column":0},"end":{"line":85,"column":3}},"7":{"start":{"line":84,"column":2},"end":{"line":84,"column":55}},"8":{"start":{"line":91,"column":0},"end":{"line":98,"column":3}},"9":{"start":{"line":92,"column":2},"end":{"line":92,"column":53}},"10":{"start":{"line":93,"column":2},"end":{"line":97,"column":4}},"11":{"start":{"line":95,"column":8},"end":{"line":95,"column":48}}},"fnMap":{"0":{"name":"(anonymous_0)","decl":{"start":{"line":73,"column":33},"end":{"line":73,"column":34}},"loc":{"start":{"line":73,"column":42},"end":{"line":80,"column":1}},"line":73},"1":{"name":"(anonymous_1)","decl":{"start":{"line":76,"column":34},"end":{"line":76,"column":35}},"loc":{"start":{"line":76,"column":50},"end":{"line":78,"column":7}},"line":76},"2":{"name":"(anonymous_2)","decl":{"start":{"line":83,"column":34},"end":{"line":83,"column":35}},"loc":{"start":{"line":83,"column":43},"end":{"line":85,"column":1}},"line":83},"3":{"name":"(anonymous_3)","decl":{"start":{"line":91,"column":31},"end":{"line":91,"column":32}},"loc":{"start":{"line":91,"column":40},"end":{"line":98,"column":1}},"line":91},"4":{"name":"(anonymous_4)","decl":{"start":{"line":94,"column":39},"end":{"line":94,"column":40}},"loc":{"start":{"line":94,"column":58},"end":{"line":96,"column":7}},"line":94}},"branchMap":{"0":{"loc":{"start":{"line":95,"column":15},"end":{"line":95,"column":47}},"type":"binary-expr","locations":[{"start":{"line":95,"column":15},"end":{"line":95,"column":23}},{"start":{"line":95,"column":27},"end":{"line":95,"column":47}}],"line":95}},"s":{"0":0,"1":0,"2":0,"3":0,"4":0,"5":0,"6":0,"7":0,"8":0,"9":0,"10":0,"11":0},"f":{"0":0,"1":0,"2":0,"3":0,"4":0},"b":{"0":[0,0]}}
,"C:\\Studium3\\ContDel\\pwa\\somefunctions.js": {"path":"C:\\Studium3\\ContDel\\pwa\\somefunctions.js","statementMap":{"0":{"start":{"line":2,"column":2},"end":{"line":2,"column":15}},"1":{"start":{"line":6,"column":2},"end":{"line":6,"column":15}},"2":{"start":{"line":9,"column":0},"end":{"line":9,"column":35}}},"fnMap":{"0":{"name":"add","decl":{"start":{"line":1,"column":9},"end":{"line":1,"column":12}},"loc":{"start":{"line":1,"column":19},"end":{"line":3,"column":1}},"line":1},"1":{"name":"multiply","decl":{"start":{"line":5,"column":9},"end":{"line":5,"column":17}},"loc":{"start":{"line":5,"column":24},"end":{"line":7,"column":1}},"line":5}},"branchMap":{},"s":{"0":1,"1":1,"2":1},"f":{"0":1,"1":1},"b":{},"_coverageSchema":"1a1c01bbd47fc00a2c39e90264f33305004495a9","hash":"3b16e01d34a43c77fc7ecc3af3b88443b9663738"}
,"C:\\Studium3\\ContDel\\pwa\\use_serviceworker.js": {"path":"C:\\Studium3\\ContDel\\pwa\\use_serviceworker.js","statementMap":{"0":{"start":{"line":9,"column":0},"end":{"line":20,"column":1}},"1":{"start":{"line":10,"column":4},"end":{"line":19,"column":7}},"2":{"start":{"line":11,"column":8},"end":{"line":18,"column":15}},"3":{"start":{"line":14,"column":16},"end":{"line":14,"column":85}},"4":{"start":{"line":17,"column":16},"end":{"line":17,"column":91}}},"fnMap":{"0":{"name":"(anonymous_0)","decl":{"start":{"line":10,"column":36},"end":{"line":10,"column":37}},"loc":{"start":{"line":10,"column":47},"end":{"line":19,"column":5}},"line":10},"1":{"name":"(anonymous_1)","decl":{"start":{"line":13,"column":18},"end":{"line":13,"column":19}},"loc":{"start":{"line":13,"column":35},"end":{"line":15,"column":13}},"line":13},"2":{"name":"(anonymous_2)","decl":{"start":{"line":16,"column":19},"end":{"line":16,"column":20}},"loc":{"start":{"line":16,"column":28},"end":{"line":18,"column":13}},"line":16}},"branchMap":{"0":{"loc":{"start":{"line":9,"column":0},"end":{"line":20,"column":1}},"type":"if","locations":[{"start":{"line":9,"column":0},"end":{"line":20,"column":1}},{"start":{},"end":{}}],"line":9}},"s":{"0":0,"1":0,"2":0,"3":0,"4":0},"f":{"0":0,"1":0,"2":0},"b":{"0":[0,0]}}
,"C:\\Studium3\\ContDel\\pwa\\webpack.config.js": {"path":"C:\\Studium3\\ContDel\\pwa\\webpack.config.js","statementMap":{"0":{"start":{"line":1,"column":13},"end":{"line":1,"column":28}},"1":{"start":{"line":2,"column":26},"end":{"line":2,"column":56}},"2":{"start":{"line":3,"column":26},"end":{"line":3,"column":56}},"3":{"start":{"line":4,"column":29},"end":{"line":4,"column":63}},"4":{"start":{"line":6,"column":0},"end":{"line":83,"column":2}}},"fnMap":{},"branchMap":{},"s":{"0":0,"1":0,"2":0,"3":0,"4":0},"f":{},"b":{}}
,"C:\\Studium3\\ContDel\\pwa\\webworker.js": {"path":"C:\\Studium3\\ContDel\\pwa\\webworker.js","statementMap":{"0":{"start":{"line":7,"column":0},"end":{"line":11,"column":3}},"1":{"start":{"line":8,"column":2},"end":{"line":10,"column":3}},"2":{"start":{"line":9,"column":4},"end":{"line":9,"column":13}},"3":{"start":{"line":15,"column":19},"end":{"line":18,"column":3}},"4":{"start":{"line":19,"column":2},"end":{"line":24,"column":51}},"5":{"start":{"line":20,"column":22},"end":{"line":20,"column":37}},"6":{"start":{"line":22,"column":6},"end":{"line":22,"column":29}},"7":{"start":{"line":24,"column":20},"end":{"line":24,"column":50}},"8":{"start":{"line":25,"column":2},"end":{"line":30,"column":51}},"9":{"start":{"line":26,"column":22},"end":{"line":26,"column":37}},"10":{"start":{"line":28,"column":6},"end":{"line":28,"column":28}},"11":{"start":{"line":30,"column":20},"end":{"line":30,"column":50}},"12":{"start":{"line":31,"column":2},"end":{"line":31,"column":30}}},"fnMap":{"0":{"name":"(anonymous_0)","decl":{"start":{"line":7,"column":33},"end":{"line":7,"column":34}},"loc":{"start":{"line":7,"column":57},"end":{"line":11,"column":1}},"line":7},"1":{"name":"getData","decl":{"start":{"line":14,"column":15},"end":{"line":14,"column":22}},"loc":{"start":{"line":14,"column":25},"end":{"line":32,"column":1}},"line":14},"2":{"name":"(anonymous_2)","decl":{"start":{"line":20,"column":10},"end":{"line":20,"column":11}},"loc":{"start":{"line":20,"column":22},"end":{"line":20,"column":37}},"line":20},"3":{"name":"(anonymous_3)","decl":{"start":{"line":21,"column":10},"end":{"line":21,"column":11}},"loc":{"start":{"line":21,"column":18},"end":{"line":23,"column":5}},"line":21},"4":{"name":"(anonymous_4)","decl":{"start":{"line":24,"column":11},"end":{"line":24,"column":12}},"loc":{"start":{"line":24,"column":20},"end":{"line":24,"column":50}},"line":24},"5":{"name":"(anonymous_5)","decl":{"start":{"line":26,"column":10},"end":{"line":26,"column":11}},"loc":{"start":{"line":26,"column":22},"end":{"line":26,"column":37}},"line":26},"6":{"name":"(anonymous_6)","decl":{"start":{"line":27,"column":10},"end":{"line":27,"column":11}},"loc":{"start":{"line":27,"column":18},"end":{"line":29,"column":5}},"line":27},"7":{"name":"(anonymous_7)","decl":{"start":{"line":30,"column":11},"end":{"line":30,"column":12}},"loc":{"start":{"line":30,"column":20},"end":{"line":30,"column":50}},"line":30}},"branchMap":{"0":{"loc":{"start":{"line":8,"column":2},"end":{"line":10,"column":3}},"type":"if","locations":[{"start":{"line":8,"column":2},"end":{"line":10,"column":3}},{"start":{},"end":{}}],"line":8}},"s":{"0":0,"1":0,"2":0,"3":0,"4":0,"5":0,"6":0,"7":0,"8":0,"9":0,"10":0,"11":0,"12":0},"f":{"0":0,"1":0,"2":0,"3":0,"4":0,"5":0,"6":0,"7":0},"b":{"0":[0,0]}}
}
