TN:
SF:addpoll.js
FN:3,(anonymous_0)
FN:5,(anonymous_1)
FN:28,resetColors
FN:36,selectColor
FN:43,setInputFieldColor
FN:46,(anonymous_5)
FNF:6
FNH:0
FNDA:0,(anonymous_0)
FNDA:0,(anonymous_1)
FNDA:0,resetColors
FNDA:0,selectColor
FNDA:0,setInputFieldColor
FNDA:0,(anonymous_5)
DA:1,0
DA:3,0
DA:5,0
DA:6,0
DA:7,0
DA:8,0
DA:20,0
DA:21,0
DA:24,0
DA:25,0
DA:29,0
DA:30,0
DA:31,0
DA:37,0
DA:38,0
DA:39,0
DA:40,0
DA:44,0
DA:45,0
DA:46,0
DA:47,0
LF:21
LH:0
BRF:0
BRH:0
end_of_record
TN:
SF:editProfile.js
FN:1,(anonymous_0)
FN:7,(anonymous_1)
FN:8,(anonymous_2)
FN:23,resetColors
FN:31,resetIcons
FN:38,selectColor
FN:44,selectIcon
FN:50,initializeProfileData
FN:60,getUserColorElement
FN:69,getUserIconElement
FNF:10
FNH:0
FNDA:0,(anonymous_0)
FNDA:0,(anonymous_1)
FNDA:0,(anonymous_2)
FNDA:0,resetColors
FNDA:0,resetIcons
FNDA:0,selectColor
FNDA:0,selectIcon
FNDA:0,initializeProfileData
FNDA:0,getUserColorElement
FNDA:0,getUserIconElement
DA:1,0
DA:2,0
DA:5,0
DA:7,0
DA:8,0
DA:9,0
DA:11,0
DA:12,0
DA:13,0
DA:14,0
DA:15,0
DA:16,0
DA:17,0
DA:18,0
DA:24,0
DA:25,0
DA:26,0
DA:32,0
DA:33,0
DA:34,0
DA:39,0
DA:40,0
DA:41,0
DA:45,0
DA:46,0
DA:47,0
DA:51,0
DA:52,0
DA:53,0
DA:54,0
DA:55,0
DA:56,0
DA:57,0
DA:61,0
DA:62,0
DA:63,0
DA:64,0
DA:70,0
DA:71,0
DA:72,0
DA:73,0
LF:41
LH:0
BRDA:63,0,0,0
BRDA:63,0,1,0
BRDA:72,1,0,0
BRDA:72,1,1,0
BRF:4
BRH:0
end_of_record
TN:
SF:index.js
FN:4,(anonymous_0)
FN:11,(anonymous_1)
FN:34,getElementsById
FN:35,(anonymous_3)
FN:40,finishSetup
FN:42,(anonymous_5)
FN:43,(anonymous_6)
FN:44,(anonymous_7)
FN:45,(anonymous_8)
FN:56,(anonymous_9)
FN:68,setCardData
FN:69,(anonymous_11)
FN:90,onCardFinished
FN:120,showAnswerCard
FN:123,(anonymous_14)
FN:133,showQuestionCard
FN:139,showOutOfQuestions
FN:145,resetPolls
FN:154,getNextCard
FN:156,(anonymous_19)
FN:157,(anonymous_20)
FN:165,addPollToSeen
FN:182,shuffle
FNF:23
FNH:0
FNDA:0,(anonymous_0)
FNDA:0,(anonymous_1)
FNDA:0,getElementsById
FNDA:0,(anonymous_3)
FNDA:0,finishSetup
FNDA:0,(anonymous_5)
FNDA:0,(anonymous_6)
FNDA:0,(anonymous_7)
FNDA:0,(anonymous_8)
FNDA:0,(anonymous_9)
FNDA:0,setCardData
FNDA:0,(anonymous_11)
FNDA:0,onCardFinished
FNDA:0,showAnswerCard
FNDA:0,(anonymous_14)
FNDA:0,showQuestionCard
FNDA:0,showOutOfQuestions
FNDA:0,resetPolls
FNDA:0,getNextCard
FNDA:0,(anonymous_19)
FNDA:0,(anonymous_20)
FNDA:0,addPollToSeen
FNDA:0,shuffle
DA:1,0
DA:2,0
DA:4,0
DA:5,0
DA:6,0
DA:9,0
DA:11,0
DA:12,0
DA:29,0
DA:30,0
DA:31,0
DA:35,0
DA:36,0
DA:41,0
DA:42,0
DA:43,0
DA:44,0
DA:45,0
DA:46,0
DA:47,0
DA:48,0
DA:49,0
DA:50,0
DA:52,0
DA:53,0
DA:56,0
DA:57,0
DA:58,0
DA:59,0
DA:61,0
DA:62,0
DA:64,0
DA:69,0
DA:70,0
DA:72,0
DA:73,0
DA:74,0
DA:75,0
DA:76,0
DA:79,0
DA:80,0
DA:81,0
DA:82,0
DA:83,0
DA:84,0
DA:85,0
DA:86,0
DA:87,0
DA:91,0
DA:92,0
DA:93,0
DA:94,0
DA:95,0
DA:96,0
DA:98,0
DA:99,0
DA:101,0
DA:102,0
DA:103,0
DA:104,0
DA:105,0
DA:106,0
DA:108,0
DA:109,0
DA:111,0
DA:112,0
DA:113,0
DA:114,0
DA:115,0
DA:121,0
DA:122,0
DA:123,0
DA:124,0
DA:125,0
DA:127,0
DA:128,0
DA:134,0
DA:135,0
DA:136,0
DA:140,0
DA:141,0
DA:142,0
DA:146,0
DA:147,0
DA:148,0
DA:149,0
DA:150,0
DA:155,0
DA:156,0
DA:157,0
DA:158,0
DA:159,0
DA:161,0
DA:166,0
DA:167,0
DA:168,0
DA:169,0
DA:171,0
DA:172,0
DA:175,0
DA:183,0
DA:184,0
DA:185,0
DA:187,0
LF:104
LH:0
BRDA:41,0,0,0
BRDA:41,0,1,0
BRDA:41,1,0,0
BRDA:41,1,1,0
BRDA:49,2,0,0
BRDA:49,2,1,0
BRDA:61,3,0,0
BRDA:61,3,1,0
BRDA:74,4,0,0
BRDA:74,4,1,0
BRDA:87,5,0,0
BRDA:87,5,1,0
BRDA:92,6,0,0
BRDA:92,6,1,0
BRDA:94,7,0,0
BRDA:94,7,1,0
BRDA:102,8,0,0
BRDA:102,8,1,0
BRDA:104,9,0,0
BRDA:104,9,1,0
BRDA:124,10,0,0
BRDA:124,10,1,0
BRDA:158,11,0,0
BRDA:158,11,1,0
BRDA:165,12,0,0
BRDA:167,13,0,0
BRDA:167,13,1,0
BRDA:168,14,0,0
BRDA:168,14,1,0
BRF:29
BRH:0
end_of_record
TN:
SF:main.js
FN:9,(anonymous_0)
FN:14,(anonymous_1)
FN:31,getData
FN:49,(anonymous_3)
FN:58,getFromLocalStorage
FN:65,updateUser
FN:69,updateCards
FN:75,updateLocalStorage
FNF:8
FNH:0
FNDA:0,(anonymous_0)
FNDA:0,(anonymous_1)
FNDA:0,getData
FNDA:0,(anonymous_3)
FNDA:0,getFromLocalStorage
FNDA:0,updateUser
FNDA:0,updateCards
FNDA:0,updateLocalStorage
DA:9,0
DA:10,0
DA:11,0
DA:14,0
DA:17,0
DA:18,0
DA:22,0
DA:23,0
DA:24,0
DA:25,0
DA:26,0
DA:27,0
DA:29,0
DA:33,0
DA:35,0
DA:39,0
DA:41,0
DA:42,0
DA:44,0
DA:49,0
DA:50,0
DA:51,0
DA:52,0
DA:53,0
DA:54,0
DA:55,0
DA:59,0
DA:60,0
DA:61,0
DA:62,0
DA:66,0
DA:70,0
DA:71,0
DA:72,0
DA:76,0
DA:77,0
DA:78,0
DA:79,0
LF:38
LH:0
BRDA:14,0,0,0
BRDA:14,0,1,0
BRDA:17,1,0,0
BRDA:17,1,1,0
BRDA:17,2,0,0
BRDA:17,2,1,0
BRDA:31,3,0,0
BRDA:35,4,0,0
BRDA:35,4,1,0
BRDA:35,5,0,0
BRDA:35,5,1,0
BRDA:35,5,2,0
BRDA:35,5,3,0
BRDA:41,6,0,0
BRDA:41,6,1,0
BRF:15
BRH:0
end_of_record
TN:
SF:pins.js
FN:4,(anonymous_0)
FN:11,(anonymous_1)
FN:21,getElementsById
FN:22,(anonymous_3)
FN:27,finishSetup
FN:29,(anonymous_5)
FN:30,(anonymous_6)
FN:30,(anonymous_7)
FN:45,showNoPinnedPolls
FN:50,removeNoPinnedPolls
FN:56,removeFromPinnedPolls
FN:69,(anonymous_11)
FN:75,createSmallPinContainer
FN:106,(anonymous_13)
FNF:14
FNH:0
FNDA:0,(anonymous_0)
FNDA:0,(anonymous_1)
FNDA:0,getElementsById
FNDA:0,(anonymous_3)
FNDA:0,finishSetup
FNDA:0,(anonymous_5)
FNDA:0,(anonymous_6)
FNDA:0,(anonymous_7)
FNDA:0,showNoPinnedPolls
FNDA:0,removeNoPinnedPolls
FNDA:0,removeFromPinnedPolls
FNDA:0,(anonymous_11)
FNDA:0,createSmallPinContainer
FNDA:0,(anonymous_13)
DA:1,0
DA:2,0
DA:4,0
DA:5,0
DA:6,0
DA:9,0
DA:11,0
DA:12,0
DA:16,0
DA:17,0
DA:18,0
DA:22,0
DA:23,0
DA:28,0
DA:29,0
DA:30,0
DA:31,0
DA:32,0
DA:34,0
DA:35,0
DA:36,0
DA:37,0
DA:38,0
DA:39,0
DA:46,0
DA:47,0
DA:51,0
DA:52,0
DA:57,0
DA:58,0
DA:59,0
DA:60,0
DA:63,0
DA:64,0
DA:65,0
DA:66,0
DA:68,0
DA:69,0
DA:70,0
DA:76,0
DA:77,0
DA:78,0
DA:79,0
DA:80,0
DA:81,0
DA:82,0
DA:83,0
DA:84,0
DA:85,0
DA:86,0
DA:87,0
DA:89,0
DA:90,0
DA:91,0
DA:92,0
DA:93,0
DA:94,0
DA:95,0
DA:96,0
DA:98,0
DA:99,0
DA:100,0
DA:101,0
DA:102,0
DA:103,0
DA:104,0
DA:106,0
DA:107,0
DA:110,0
DA:111,0
DA:113,0
DA:115,0
DA:116,0
DA:117,0
DA:118,0
DA:119,0
DA:120,0
DA:121,0
DA:122,0
DA:123,0
DA:124,0
DA:125,0
DA:127,0
LF:83
LH:0
BRDA:28,0,0,0
BRDA:28,0,1,0
BRDA:28,1,0,0
BRDA:28,1,1,0
BRDA:31,2,0,0
BRDA:31,2,1,0
BRDA:35,3,0,0
BRDA:35,3,1,0
BRDA:37,4,0,0
BRDA:37,4,1,0
BRDA:58,5,0,0
BRDA:58,5,1,0
BRDA:64,6,0,0
BRDA:64,6,1,0
BRDA:69,7,0,0
BRDA:69,7,1,0
BRF:16
BRH:0
end_of_record
TN:
SF:profile.js
FN:1,(anonymous_0)
FN:8,displayPosts
FN:12,(anonymous_2)
FN:33,deletePost
FN:39,reloadPosts
FN:40,(anonymous_5)
FN:46,setProfileData
FN:47,(anonymous_7)
FNF:8
FNH:0
FNDA:0,(anonymous_0)
FNDA:0,displayPosts
FNDA:0,(anonymous_2)
FNDA:0,deletePost
FNDA:0,reloadPosts
FNDA:0,(anonymous_5)
FNDA:0,setProfileData
FNDA:0,(anonymous_7)
DA:1,0
DA:2,0
DA:3,0
DA:6,0
DA:9,0
DA:10,0
DA:12,0
DA:13,0
DA:14,0
DA:15,0
DA:17,0
DA:28,0
DA:29,0
DA:34,0
DA:35,0
DA:36,0
DA:40,0
DA:41,0
DA:43,0
DA:47,0
DA:48,0
DA:50,0
DA:51,0
DA:52,0
DA:53,0
LF:25
LH:0
BRDA:13,0,0,0
BRDA:13,0,1,0
BRDA:13,1,0,0
BRDA:13,1,1,0
BRDA:13,1,2,0
BRDA:14,2,0,0
BRDA:14,2,1,0
BRDA:15,3,0,0
BRDA:15,3,1,0
BRF:9
BRH:0
end_of_record
TN:
SF:serviceworker.js
FN:73,(anonymous_0)
FN:76,(anonymous_1)
FN:83,(anonymous_2)
FN:91,(anonymous_3)
FN:94,(anonymous_4)
FNF:5
FNH:0
FNDA:0,(anonymous_0)
FNDA:0,(anonymous_1)
FNDA:0,(anonymous_2)
FNDA:0,(anonymous_3)
FNDA:0,(anonymous_4)
DA:11,0
DA:12,0
DA:73,0
DA:74,0
DA:75,0
DA:77,0
DA:83,0
DA:84,0
DA:91,0
DA:92,0
DA:93,0
DA:95,0
LF:12
LH:0
BRDA:95,0,0,0
BRDA:95,0,1,0
BRF:2
BRH:0
end_of_record
TN:
SF:somefunctions.js
FN:1,add
FN:5,multiply
FNF:2
FNH:2
FNDA:1,add
FNDA:1,multiply
DA:2,1
DA:6,1
DA:9,1
LF:3
LH:3
BRF:0
BRH:0
end_of_record
TN:
SF:use_serviceworker.js
FN:10,(anonymous_0)
FN:13,(anonymous_1)
FN:16,(anonymous_2)
FNF:3
FNH:0
FNDA:0,(anonymous_0)
FNDA:0,(anonymous_1)
FNDA:0,(anonymous_2)
DA:9,0
DA:10,0
DA:11,0
DA:14,0
DA:17,0
LF:5
LH:0
BRDA:9,0,0,0
BRDA:9,0,1,0
BRF:2
BRH:0
end_of_record
TN:
SF:webpack.config.js
FNF:0
FNH:0
DA:1,0
DA:2,0
DA:3,0
DA:4,0
DA:6,0
LF:5
LH:0
BRF:0
BRH:0
end_of_record
TN:
SF:webworker.js
FN:7,(anonymous_0)
FN:14,getData
FN:20,(anonymous_2)
FN:21,(anonymous_3)
FN:24,(anonymous_4)
FN:26,(anonymous_5)
FN:27,(anonymous_6)
FN:30,(anonymous_7)
FNF:8
FNH:0
FNDA:0,(anonymous_0)
FNDA:0,getData
FNDA:0,(anonymous_2)
FNDA:0,(anonymous_3)
FNDA:0,(anonymous_4)
FNDA:0,(anonymous_5)
FNDA:0,(anonymous_6)
FNDA:0,(anonymous_7)
DA:7,0
DA:8,0
DA:9,0
DA:15,0
DA:19,0
DA:20,0
DA:22,0
DA:24,0
DA:25,0
DA:26,0
DA:28,0
DA:30,0
DA:31,0
LF:13
LH:0
BRDA:8,0,0,0
BRDA:8,0,1,0
BRF:2
BRH:0
end_of_record
